Information: Propagating switching activity (high effort zero delay simulation). (PWR-6)
Warning: Design has unannotated primary inputs. (PWR-414)
Warning: Design has unannotated sequential cell outputs. (PWR-415)
Warning: Design has unannotated black box outputs. (PWR-428)
 
****************************************
Report : power
        -analysis_effort high
Design : AIDC_TOP
Version: Q-2019.12-SP5-5
Date   : Thu Dec 22 16:52:16 2022
****************************************


Library(s) Used:

    gtech (File: /usr/synopsys/syn/Q-2019.12-SP5-5/libraries/syn/gtech.db)


Operating Conditions: ssp_1p350v_m40c   Library: bcd1340hp_sc_10t_pmk_rvt_c400l130_ssp_wst_none_1p350v_m40c
Wire Load Model Mode: top


Global Operating Voltage = 1.35 
Power-specific unit information :
    Voltage Units = 1V
    Capacitance Units = 1.000000pf
    Time Units = 1ns
    Dynamic Power Units = 1mW    (derived from V,C,T units)
    Leakage Power Units = 1uW


  Cell Internal Power  =   0.0000 mW    (0%)
  Net Switching Power  =   2.6831  W  (100%)
                         ---------
Total Dynamic Power    =   2.6831  W  (100%)

Cell Leakage Power     =   0.0000 uW


                 Internal         Switching           Leakage            Total
Power Group      Power            Power               Power              Power   (   %    )  Attrs
--------------------------------------------------------------------------------------------------
io_pad             0.0000            0.0000            0.0000            0.0000  (   0.00%)
memory             0.0000            0.0000            0.0000            0.0000  (   0.00%)
black_box          0.0000            0.0000            0.0000            0.0000  (   0.00%)
clock_network      0.0000        1.6706e+03            0.0000        1.6706e+03  ( 100.00%)
register           0.0000            0.0000            0.0000            0.0000  (   0.00%)
sequential         0.0000            0.0000            0.0000            0.0000  (   0.00%)
combinational      0.0000            0.0000            0.0000            0.0000  (   0.00%)
--------------------------------------------------------------------------------------------------
Total              0.0000 mW     1.6706e+03 mW         0.0000 uW     1.6706e+03 mW
1
